<INFO> 22-Jan-2020::15:46:47.394 bf060 confd[36529]: netconf id=30 new tcp session for user "admin" from 127.0.0.1
<INFO> 22-Jan-2020::15:46:48.922 bf060 confd[36529]: netconf id=30 got rpc: {urn:ietf:params:xml:ns:netconf:base:1.0}get attrs: nc:message-id="1"
<INFO> 22-Jan-2020::15:46:48.963 bf060 confd[36529]: netconf id=30 get attrs: nc:message-id="1"
<INFO> 22-Jan-2020::15:46:49.018 bf060 confd[36529]: netconf id=30 sending rpc-reply, attrs: nc:message-id="1"
<INFO> 22-Jan-2020::15:52:47.356 bf060 confd[36529]: netconf id=30 close-session attrs: nc:message-id="2"
<INFO> 22-Jan-2020::15:52:47.358 bf060 confd[36529]: netconf id=30 sending rpc-reply, attrs: nc:message-id="2"
<INFO> 22-Jan-2020::16:46:49.040 bf060 confd[36529]: netconf id=31 new tcp session for user "admin" from 127.0.0.1
<INFO> 22-Jan-2020::16:46:50.273 bf060 confd[36529]: netconf id=31 got rpc: {urn:ietf:params:xml:ns:netconf:base:1.0}get attrs: nc:message-id="1"
<INFO> 22-Jan-2020::16:46:50.274 bf060 confd[36529]: netconf id=31 get attrs: nc:message-id="1"
<INFO> 22-Jan-2020::16:46:50.281 bf060 confd[36529]: netconf id=31 sending rpc-reply, attrs: nc:message-id="1"
<INFO> 22-Jan-2020::16:52:48.603 bf060 confd[36529]: netconf id=31 close-session attrs: nc:message-id="2"
<INFO> 22-Jan-2020::16:52:48.605 bf060 confd[36529]: netconf id=31 sending rpc-reply, attrs: nc:message-id="2"
<INFO> 22-Jan-2020::17:46:50.306 bf060 confd[36529]: netconf id=32 new tcp session for user "admin" from 127.0.0.1
<INFO> 22-Jan-2020::17:46:51.632 bf060 confd[36529]: netconf id=32 got rpc: {urn:ietf:params:xml:ns:netconf:base:1.0}get attrs: nc:message-id="1"
<INFO> 22-Jan-2020::17:46:51.633 bf060 confd[36529]: netconf id=32 get attrs: nc:message-id="1"
<INFO> 22-Jan-2020::17:46:51.639 bf060 confd[36529]: netconf id=32 sending rpc-reply, attrs: nc:message-id="1"
<INFO> 22-Jan-2020::17:52:49.802 bf060 confd[36529]: netconf id=32 close-session attrs: nc:message-id="2"
<INFO> 22-Jan-2020::17:52:49.804 bf060 confd[36529]: netconf id=32 sending rpc-reply, attrs: nc:message-id="2"
<INFO> 22-Jan-2020::18:46:51.659 bf060 confd[36529]: netconf id=33 new tcp session for user "admin" from 127.0.0.1
<INFO> 22-Jan-2020::18:46:53.003 bf060 confd[36529]: netconf id=33 got rpc: {urn:ietf:params:xml:ns:netconf:base:1.0}get attrs: nc:message-id="1"
<INFO> 22-Jan-2020::18:46:53.003 bf060 confd[36529]: netconf id=33 get attrs: nc:message-id="1"
<INFO> 22-Jan-2020::18:46:53.009 bf060 confd[36529]: netconf id=33 sending rpc-reply, attrs: nc:message-id="1"
<INFO> 22-Jan-2020::18:52:51.038 bf060 confd[36529]: netconf id=33 close-session attrs: nc:message-id="2"
<INFO> 22-Jan-2020::18:52:51.040 bf060 confd[36529]: netconf id=33 sending rpc-reply, attrs: nc:message-id="2"
<INFO> 22-Jan-2020::19:46:53.029 bf060 confd[36529]: netconf id=34 new tcp session for user "admin" from 127.0.0.1
<INFO> 22-Jan-2020::19:46:54.333 bf060 confd[36529]: netconf id=34 got rpc: {urn:ietf:params:xml:ns:netconf:base:1.0}get attrs: nc:message-id="1"
<INFO> 22-Jan-2020::19:46:54.333 bf060 confd[36529]: netconf id=34 get attrs: nc:message-id="1"
<INFO> 22-Jan-2020::19:46:54.339 bf060 confd[36529]: netconf id=34 sending rpc-reply, attrs: nc:message-id="1"
<INFO> 22-Jan-2020::19:52:52.293 bf060 confd[36529]: netconf id=34 close-session attrs: nc:message-id="2"
<INFO> 22-Jan-2020::19:52:52.295 bf060 confd[36529]: netconf id=34 sending rpc-reply, attrs: nc:message-id="2"
<INFO> 22-Jan-2020::20:46:54.360 bf060 confd[36529]: netconf id=35 new tcp session for user "admin" from 127.0.0.1
<INFO> 22-Jan-2020::20:46:55.638 bf060 confd[36529]: netconf id=35 got rpc: {urn:ietf:params:xml:ns:netconf:base:1.0}get attrs: nc:message-id="1"
<INFO> 22-Jan-2020::20:46:55.638 bf060 confd[36529]: netconf id=35 get attrs: nc:message-id="1"
<INFO> 22-Jan-2020::20:46:55.644 bf060 confd[36529]: netconf id=35 sending rpc-reply, attrs: nc:message-id="1"
<INFO> 22-Jan-2020::20:52:53.554 bf060 confd[36529]: netconf id=35 close-session attrs: nc:message-id="2"
<INFO> 22-Jan-2020::20:52:53.556 bf060 confd[36529]: netconf id=35 sending rpc-reply, attrs: nc:message-id="2"
<INFO> 22-Jan-2020::21:46:55.663 bf060 confd[36529]: netconf id=36 new tcp session for user "admin" from 127.0.0.1
<INFO> 22-Jan-2020::21:46:56.939 bf060 confd[36529]: netconf id=36 got rpc: {urn:ietf:params:xml:ns:netconf:base:1.0}get attrs: nc:message-id="1"
<INFO> 22-Jan-2020::21:46:56.939 bf060 confd[36529]: netconf id=36 get attrs: nc:message-id="1"
<INFO> 22-Jan-2020::21:46:56.945 bf060 confd[36529]: netconf id=36 sending rpc-reply, attrs: nc:message-id="1"
<INFO> 22-Jan-2020::21:52:54.748 bf060 confd[36529]: netconf id=36 close-session attrs: nc:message-id="2"
<INFO> 22-Jan-2020::21:52:54.751 bf060 confd[36529]: netconf id=36 sending rpc-reply, attrs: nc:message-id="2"
<INFO> 22-Jan-2020::22:46:56.966 bf060 confd[36529]: netconf id=37 new tcp session for user "admin" from 127.0.0.1
<INFO> 22-Jan-2020::22:46:58.212 bf060 confd[36529]: netconf id=37 got rpc: {urn:ietf:params:xml:ns:netconf:base:1.0}get attrs: nc:message-id="1"
<INFO> 22-Jan-2020::22:46:58.212 bf060 confd[36529]: netconf id=37 get attrs: nc:message-id="1"
<INFO> 22-Jan-2020::22:46:58.218 bf060 confd[36529]: netconf id=37 sending rpc-reply, attrs: nc:message-id="1"
<INFO> 22-Jan-2020::22:52:55.974 bf060 confd[36529]: netconf id=37 close-session attrs: nc:message-id="2"
<INFO> 22-Jan-2020::22:52:55.976 bf060 confd[36529]: netconf id=37 sending rpc-reply, attrs: nc:message-id="2"
<INFO> 22-Jan-2020::23:46:58.238 bf060 confd[36529]: netconf id=45 new tcp session for user "admin" from 127.0.0.1
<INFO> 22-Jan-2020::23:46:59.427 bf060 confd[36529]: netconf id=45 got rpc: {urn:ietf:params:xml:ns:netconf:base:1.0}get attrs: nc:message-id="1"
<INFO> 22-Jan-2020::23:46:59.427 bf060 confd[36529]: netconf id=45 get attrs: nc:message-id="1"
<INFO> 22-Jan-2020::23:46:59.433 bf060 confd[36529]: netconf id=45 sending rpc-reply, attrs: nc:message-id="1"
<INFO> 22-Jan-2020::23:52:57.219 bf060 confd[36529]: netconf id=45 close-session attrs: nc:message-id="2"
<INFO> 22-Jan-2020::23:52:57.221 bf060 confd[36529]: netconf id=45 sending rpc-reply, attrs: nc:message-id="2"
<INFO> 23-Jan-2020::00:46:59.453 bf060 confd[36529]: netconf id=48 new tcp session for user "admin" from 127.0.0.1
<INFO> 23-Jan-2020::00:47:00.682 bf060 confd[36529]: netconf id=48 got rpc: {urn:ietf:params:xml:ns:netconf:base:1.0}get attrs: nc:message-id="1"
<INFO> 23-Jan-2020::00:47:00.682 bf060 confd[36529]: netconf id=48 get attrs: nc:message-id="1"
<INFO> 23-Jan-2020::00:47:00.688 bf060 confd[36529]: netconf id=48 sending rpc-reply, attrs: nc:message-id="1"
<INFO> 23-Jan-2020::00:52:58.406 bf060 confd[36529]: netconf id=48 close-session attrs: nc:message-id="2"
<INFO> 23-Jan-2020::00:52:58.408 bf060 confd[36529]: netconf id=48 sending rpc-reply, attrs: nc:message-id="2"
<INFO> 23-Jan-2020::01:47:00.708 bf060 confd[36529]: netconf id=53 new tcp session for user "admin" from 127.0.0.1
<INFO> 23-Jan-2020::01:47:02.026 bf060 confd[36529]: netconf id=53 got rpc: {urn:ietf:params:xml:ns:netconf:base:1.0}get attrs: nc:message-id="1"
<INFO> 23-Jan-2020::01:47:02.027 bf060 confd[36529]: netconf id=53 get attrs: nc:message-id="1"
<INFO> 23-Jan-2020::01:47:02.033 bf060 confd[36529]: netconf id=53 sending rpc-reply, attrs: nc:message-id="1"
<INFO> 23-Jan-2020::01:52:59.658 bf060 confd[36529]: netconf id=53 close-session attrs: nc:message-id="2"
<INFO> 23-Jan-2020::01:52:59.660 bf060 confd[36529]: netconf id=53 sending rpc-reply, attrs: nc:message-id="2"
<INFO> 23-Jan-2020::02:47:02.054 bf060 confd[36529]: netconf id=54 new tcp session for user "admin" from 127.0.0.1
<INFO> 23-Jan-2020::02:47:03.352 bf060 confd[36529]: netconf id=54 got rpc: {urn:ietf:params:xml:ns:netconf:base:1.0}get attrs: nc:message-id="1"
<INFO> 23-Jan-2020::02:47:03.353 bf060 confd[36529]: netconf id=54 get attrs: nc:message-id="1"
<INFO> 23-Jan-2020::02:47:03.359 bf060 confd[36529]: netconf id=54 sending rpc-reply, attrs: nc:message-id="1"
<INFO> 23-Jan-2020::02:53:00.920 bf060 confd[36529]: netconf id=54 close-session attrs: nc:message-id="2"
<INFO> 23-Jan-2020::02:53:00.922 bf060 confd[36529]: netconf id=54 sending rpc-reply, attrs: nc:message-id="2"
<INFO> 23-Jan-2020::03:47:03.379 bf060 confd[36529]: netconf id=56 new tcp session for user "admin" from 127.0.0.1
<INFO> 23-Jan-2020::03:47:04.601 bf060 confd[36529]: netconf id=56 got rpc: {urn:ietf:params:xml:ns:netconf:base:1.0}get attrs: nc:message-id="1"
<INFO> 23-Jan-2020::03:47:04.601 bf060 confd[36529]: netconf id=56 get attrs: nc:message-id="1"
<INFO> 23-Jan-2020::03:47:04.607 bf060 confd[36529]: netconf id=56 sending rpc-reply, attrs: nc:message-id="1"
<INFO> 23-Jan-2020::03:53:02.198 bf060 confd[36529]: netconf id=56 close-session attrs: nc:message-id="2"
<INFO> 23-Jan-2020::03:53:02.201 bf060 confd[36529]: netconf id=56 sending rpc-reply, attrs: nc:message-id="2"
